#! /usr/bin/vvp
:ivl_version "11.0 (stable)" "(v11_0)";
:ivl_delay_selection "TYPICAL";
:vpi_time_precision - 9;
:vpi_module "/usr/lib/ivl/system.vpi";
:vpi_module "/usr/lib/ivl/vhdl_sys.vpi";
:vpi_module "/usr/lib/ivl/vhdl_textio.vpi";
:vpi_module "/usr/lib/ivl/v2005_math.vpi";
:vpi_module "/usr/lib/ivl/va_math.vpi";
S_0x557afd392cd0 .scope module, "adder_tb" "adder_tb" 2 2;
 .timescale -9 -9;
L_0x7f46f3215018 .functor BUFT 1, C4<1>, C4<0>, C4<0>, C4<0>;
v0x557afd3dea00_0 .net "a", 0 0, L_0x7f46f3215018;  1 drivers
v0x557afd3deaa0_0 .var "clk", 0 0;
v0x557afd3deb40_0 .var "mismatch", 0 0;
v0x557afd3debe0_0 .var "ref_a", 0 0;
S_0x557afd392e60 .scope module, "DUT" "top_module" 2 8, 3 1 0, S_0x557afd392cd0;
 .timescale 0 0;
    .port_info 0 /OUTPUT 1 "a";
    .port_info 1 /INPUT 1 "clk";
o0x7f46f325e0a8 .functor BUFZ 1, C4<z>; HiZ drive
L_0x557afd3ded10 .functor BUFZ 1, o0x7f46f325e0a8, C4<0>, C4<0>, C4<0>;
v0x557afd393040_0 .net "a", 0 0, L_0x7f46f3215018;  alias, 1 drivers
L_0x7f46f3215060 .functor BUFT 1, C4<0>, C4<0>, C4<0>, C4<0>;
v0x557afd3de670_0 .net "b", 0 0, L_0x7f46f3215060;  1 drivers
v0x557afd3de730_0 .net "c", 0 0, L_0x557afd3ded10;  1 drivers
v0x557afd3de7d0_0 .net "clk", 0 0, o0x7f46f325e0a8;  0 drivers
L_0x7f46f32150a8 .functor BUFT 1, C4<1>, C4<0>, C4<0>, C4<0>;
v0x557afd3de890_0 .net "test", 0 0, L_0x7f46f32150a8;  1 drivers
    .scope S_0x557afd392cd0;
T_0 ;
    %delay 10, 0;
    %pushi/vec4 0, 0, 1;
    %store/vec4 v0x557afd3deaa0_0, 0, 1;
    %delay 10, 0;
    %pushi/vec4 1, 0, 1;
    %store/vec4 v0x557afd3deaa0_0, 0, 1;
    %jmp T_0;
    .thread T_0;
    .scope S_0x557afd392cd0;
T_1 ;
    %delay 1, 0;
    %load/vec4 v0x557afd3dea00_0;
    %load/vec4 v0x557afd3debe0_0;
    %cmp/ne;
    %flag_get/vec4 4;
    %store/vec4 v0x557afd3deb40_0, 0, 1;
    %jmp T_1;
    .thread T_1;
    .scope S_0x557afd392cd0;
T_2 ;
    %vpi_call 2 22 "$dumpfile", "wave.vcd" {0 0 0};
    %vpi_call 2 23 "$dumpvars" {0 0 0};
    %pushi/vec4 1, 0, 1;
    %store/vec4 v0x557afd3debe0_0, 0, 1;
    %delay 10, 0;
    %delay 10, 0;
    %delay 10, 0;
    %delay 10, 0;
    %delay 10, 0;
    %delay 10, 0;
    %vpi_call 2 31 "$finish" {0 0 0};
    %end;
    .thread T_2;
    .scope S_0x557afd392cd0;
T_3 ;
    %load/vec4 v0x557afd3dea00_0;
    %load/vec4 v0x557afd3debe0_0;
    %cmp/ne;
    %flag_get/vec4 4;
    %store/vec4 v0x557afd3deb40_0, 0, 1;
    %delay 10, 0;
    %delay 10, 0;
    %delay 10, 0;
    %delay 10, 0;
    %delay 10, 0;
    %delay 10, 0;
    %end;
    .thread T_3;
# The file index is used to find the file name in the following table.
:file_names 4;
    "N/A";
    "<interactive>";
    "/home/hilaolu/judger/questions/100100/0";
    "/home/hilaolu/judger/job/60e48f3f0013e0fe00ef8acd/code";
